<?xml version="1.0" encoding="UTF-8"?>
<!-- Generated by org.testng.reporters.JUnitXMLReporter -->
<testsuite ignored="0" hostname="SARAS-CNB01" failures="0" tests="5" name="Default test" time="5.759" errors="0" timestamp="2023-06-20T09:15:17 PDT">
  <testcase classname="salesforce.SalesForceBaseTest" name="@BeforeMethod TestInitialize" time="3.872">
    <failure type="org.openqa.selenium.SessionNotCreatedException" message="session not created
from no such execution context: loader has changed while resolving nodes
  (Session info: chrome=114.0.5735.110)
Build info: version: &amp;apos;3.141.59&amp;apos;, revision: &amp;apos;e82be7d358&amp;apos;, time: &amp;apos;2018-11-14T08:17:03&amp;apos;
System info: host: &amp;apos;SARAS-CNB01&amp;apos;, ip: &amp;apos;10.0.0.25&amp;apos;, os.name: &amp;apos;Windows 10&amp;apos;, os.arch: &amp;apos;amd64&amp;apos;, os.version: &amp;apos;10.0&amp;apos;, java.version: &amp;apos;11.0.7&amp;apos;
Driver info: driver.version: ChromeDriver
remote stacktrace: Backtrace:
	GetHandleVerifier [0x0039A813+48355]
	(No symbol) [0x0032C4B1]
	(No symbol) [0x00235358]
	(No symbol) [0x00237D86]
	(No symbol) [0x002399E1]
	(No symbol) [0x00239A80]
	(No symbol) [0x00281F1B]
	(No symbol) [0x0028093C]
	(No symbol) [0x0027A536]
	(No symbol) [0x002582DC]
	(No symbol) [0x002593DD]
	GetHandleVerifier [0x005FAABD+2539405]
	GetHandleVerifier [0x0063A78F+2800735]
	GetHandleVerifier [0x0063456C+2775612]
	GetHandleVerifier [0x004251E0+616112]
	(No symbol) [0x00335F8C]
	(No symbol) [0x00332328]
	(No symbol) [0x0033240B]
	(No symbol) [0x00324FF7]
	(No symbol) [0x775B6359]
	(No symbol) [0x77B57C24]
	(No symbol) [0x77B57BF4]
">
      <![CDATA[org.openqa.selenium.SessionNotCreatedException: session not created
from no such execution context: loader has changed while resolving nodes
  (Session info: chrome=114.0.5735.110)
Build info: version: '3.141.59', revision: 'e82be7d358', time: '2018-11-14T08:17:03'
System info: host: 'SARAS-CNB01', ip: '10.0.0.25', os.name: 'Windows 10', os.arch: 'amd64', os.version: '10.0', java.version: '11.0.7'
Driver info: driver.version: ChromeDriver
remote stacktrace: Backtrace:
GetHandleVerifier [0x0039A813+48355]
(No symbol) [0x0032C4B1]
(No symbol) [0x00235358]
(No symbol) [0x00237D86]
(No symbol) [0x002399E1]
(No symbol) [0x00239A80]
(No symbol) [0x00281F1B]
(No symbol) [0x0028093C]
(No symbol) [0x0027A536]
(No symbol) [0x002582DC]
(No symbol) [0x002593DD]
GetHandleVerifier [0x005FAABD+2539405]
GetHandleVerifier [0x0063A78F+2800735]
GetHandleVerifier [0x0063456C+2775612]
GetHandleVerifier [0x004251E0+616112]
(No symbol) [0x00335F8C]
(No symbol) [0x00332328]
(No symbol) [0x0033240B]
(No symbol) [0x00324FF7]
(No symbol) [0x775B6359]
(No symbol) [0x77B57C24]
(No symbol) [0x77B57BF4]

at java.base/jdk.internal.reflect.NativeConstructorAccessorImpl.newInstance0(Native Method)
at java.base/jdk.internal.reflect.NativeConstructorAccessorImpl.newInstance(NativeConstructorAccessorImpl.java:62)
at java.base/jdk.internal.reflect.DelegatingConstructorAccessorImpl.newInstance(DelegatingConstructorAccessorImpl.java:45)
at java.base/java.lang.reflect.Constructor.newInstance(Constructor.java:490)
at org.openqa.selenium.remote.W3CHandshakeResponse.lambda$errorHandler$0(W3CHandshakeResponse.java:62)
at org.openqa.selenium.remote.HandshakeResponse.lambda$getResponseFunction$0(HandshakeResponse.java:30)
at org.openqa.selenium.remote.ProtocolHandshake.lambda$createSession$0(ProtocolHandshake.java:126)
at java.base/java.util.stream.ReferencePipeline$3$1.accept(ReferencePipeline.java:195)
at java.base/java.util.Spliterators$ArraySpliterator.tryAdvance(Spliterators.java:958)
at java.base/java.util.stream.ReferencePipeline.forEachWithCancel(ReferencePipeline.java:127)
at java.base/java.util.stream.AbstractPipeline.copyIntoWithCancel(AbstractPipeline.java:502)
at java.base/java.util.stream.AbstractPipeline.copyInto(AbstractPipeline.java:488)
at java.base/java.util.stream.AbstractPipeline.wrapAndCopyInto(AbstractPipeline.java:474)
at java.base/java.util.stream.FindOps$FindOp.evaluateSequential(FindOps.java:150)
at java.base/java.util.stream.AbstractPipeline.evaluate(AbstractPipeline.java:234)
at java.base/java.util.stream.ReferencePipeline.findFirst(ReferencePipeline.java:543)
at org.openqa.selenium.remote.ProtocolHandshake.createSession(ProtocolHandshake.java:128)
at org.openqa.selenium.remote.ProtocolHandshake.createSession(ProtocolHandshake.java:74)
at org.openqa.selenium.remote.HttpCommandExecutor.execute(HttpCommandExecutor.java:136)
at org.openqa.selenium.remote.service.DriverCommandExecutor.execute(DriverCommandExecutor.java:83)
at org.openqa.selenium.remote.RemoteWebDriver.execute(RemoteWebDriver.java:552)
at org.openqa.selenium.remote.RemoteWebDriver.startSession(RemoteWebDriver.java:213)
at org.openqa.selenium.remote.RemoteWebDriver.<init>(RemoteWebDriver.java:131)
at org.openqa.selenium.chrome.ChromeDriver.<init>(ChromeDriver.java:181)
at org.openqa.selenium.chrome.ChromeDriver.<init>(ChromeDriver.java:168)
at org.openqa.selenium.chrome.ChromeDriver.<init>(ChromeDriver.java:123)
at salesforce.SalesForceBaseTest.launchBrowser(SalesForceBaseTest.java:97)
at salesforce.SalesForceBaseTest.TestInitialize(SalesForceBaseTest.java:64)
at java.base/jdk.internal.reflect.NativeMethodAccessorImpl.invoke0(Native Method)
at java.base/jdk.internal.reflect.NativeMethodAccessorImpl.invoke(NativeMethodAccessorImpl.java:62)
at java.base/jdk.internal.reflect.DelegatingMethodAccessorImpl.invoke(DelegatingMethodAccessorImpl.java:43)
at java.base/java.lang.reflect.Method.invoke(Method.java:566)
at org.testng.internal.MethodInvocationHelper.invokeMethod(MethodInvocationHelper.java:133)
at org.testng.internal.MethodInvocationHelper.invokeMethodConsideringTimeout(MethodInvocationHelper.java:62)
at org.testng.internal.ConfigInvoker.invokeConfigurationMethod(ConfigInvoker.java:385)
at org.testng.internal.ConfigInvoker.invokeConfigurations(ConfigInvoker.java:321)
at org.testng.internal.TestInvoker.runConfigMethods(TestInvoker.java:700)
at org.testng.internal.TestInvoker.invokeMethod(TestInvoker.java:527)
at org.testng.internal.TestInvoker.invokeTestMethod(TestInvoker.java:173)
at org.testng.internal.MethodRunner.runInSequence(MethodRunner.java:46)
at org.testng.internal.TestInvoker$MethodInvocationAgent.invoke(TestInvoker.java:824)
at org.testng.internal.TestInvoker.invokeTestMethods(TestInvoker.java:146)
at org.testng.internal.TestMethodWorker.invokeTestMethods(TestMethodWorker.java:146)
at org.testng.internal.TestMethodWorker.run(TestMethodWorker.java:128)
at java.base/java.util.ArrayList.forEach(ArrayList.java:1540)
at org.testng.TestRunner.privateRun(TestRunner.java:794)
at org.testng.TestRunner.run(TestRunner.java:596)
at org.testng.SuiteRunner.runTest(SuiteRunner.java:377)
at org.testng.SuiteRunner.runSequentially(SuiteRunner.java:371)
at org.testng.SuiteRunner.privateRun(SuiteRunner.java:332)
at org.testng.SuiteRunner.run(SuiteRunner.java:276)
at org.testng.SuiteRunnerWorker.runSuite(SuiteRunnerWorker.java:53)
at org.testng.SuiteRunnerWorker.run(SuiteRunnerWorker.java:96)
at org.testng.TestNG.runSuitesSequentially(TestNG.java:1212)
at org.testng.TestNG.runSuitesLocally(TestNG.java:1134)
at org.testng.TestNG.runSuites(TestNG.java:1063)
at org.testng.TestNG.run(TestNG.java:1031)
at org.testng.remote.AbstractRemoteTestNG.run(AbstractRemoteTestNG.java:115)
at org.testng.remote.RemoteTestNG.initAndRun(RemoteTestNG.java:251)
at org.testng.remote.RemoteTestNG.main(RemoteTestNG.java:77)
]]>
    </failure>
  </testcase> <!-- @BeforeMethod TestInitialize -->
  <testcase classname="salesforce.SalesForceBaseTest" name="@AfterMethod tearDownAfterTestMethod" time="-1.68727771638E9">
    <skipped/>
  </testcase> <!-- @AfterMethod tearDownAfterTestMethod -->
  <testcase classname="salesforce.SalesForceBaseTest" name="@BeforeMethod TestInitialize" time="-1.687277716387E9">
    <skipped/>
  </testcase> <!-- @BeforeMethod TestInitialize -->
  <testcase classname="salesforce.SalesForceBaseTest" name="@AfterMethod tearDownAfterTestMethod" time="-1.687277716397E9">
    <skipped/>
  </testcase> <!-- @AfterMethod tearDownAfterTestMethod -->
  <testcase classname="salesforce.SalesForceBaseTest" name="@BeforeMethod TestInitialize" time="-1.687277716399E9">
    <skipped/>
  </testcase> <!-- @BeforeMethod TestInitialize -->
  <testcase classname="salesforce.SalesForceBaseTest" name="@AfterMethod tearDownAfterTestMethod" time="-1.687277716409E9">
    <skipped/>
  </testcase> <!-- @AfterMethod tearDownAfterTestMethod -->
  <testcase classname="salesforce.SalesForceBaseTest" name="@BeforeMethod TestInitialize" time="-1.687277716415E9">
    <skipped/>
  </testcase> <!-- @BeforeMethod TestInitialize -->
  <testcase classname="salesforce.SalesForceBaseTest" name="@AfterMethod tearDownAfterTestMethod" time="-1.687277716423E9">
    <skipped/>
  </testcase> <!-- @AfterMethod tearDownAfterTestMethod -->
  <testcase classname="salesforce.SalesForceBaseTest" name="@BeforeMethod TestInitialize" time="-1.687277716426E9">
    <skipped/>
  </testcase> <!-- @BeforeMethod TestInitialize -->
  <testcase classname="salesforce.SalesForceBaseTest" name="@AfterMethod tearDownAfterTestMethod" time="-1.68727771646E9">
    <skipped/>
  </testcase> <!-- @AfterMethod tearDownAfterTestMethod -->
  <testcase classname="salesforce.UserMenuDropDownTest" name="case5_UserMenuDropdown" time="0.0">
    <skipped/>
  </testcase> <!-- case5_UserMenuDropdown -->
  <testcase classname="salesforce.UserMenuDropDownTest" name="case6_MyProfile_userMenuOption1" time="0.0">
    <skipped/>
  </testcase> <!-- case6_MyProfile_userMenuOption1 -->
  <testcase classname="salesforce.UserMenuDropDownTest" name="case7_MySettings_UserMenuDropDown" time="0.0">
    <skipped/>
  </testcase> <!-- case7_MySettings_UserMenuDropDown -->
  <testcase classname="salesforce.UserMenuDropDownTest" name="case8_DeveloperConsole" time="0.0">
    <skipped/>
  </testcase> <!-- case8_DeveloperConsole -->
  <testcase classname="salesforce.UserMenuDropDownTest" name="case9_LogOutUserMenuDropDOwn" time="0.0">
    <skipped/>
  </testcase> <!-- case9_LogOutUserMenuDropDOwn -->
</testsuite> <!-- Default test -->
